Analysis & Synthesis report for elevador
Sat Dec  9 16:38:04 2023
Quartus Prime Version 21.1.0 Build 842 10/21/2021 SJ Lite Edition


---------------------
; Table of Contents ;
---------------------
  1. Legal Notice
  2. Analysis & Synthesis Summary
  3. Analysis & Synthesis Settings
  4. Parallel Compilation
  5. Analysis & Synthesis Source Files Read
  6. Analysis & Synthesis Resource Usage Summary
  7. Analysis & Synthesis Resource Utilization by Entity
  8. State Machine - |elevador|estado
  9. User-Specified and Inferred Latches
 10. General Register Statistics
 11. Multiplexer Restructuring Statistics (Restructuring Performed)
 12. Parameter Settings for User Entity Instance: debouncer:D1
 13. Parameter Settings for User Entity Instance: debouncer:D2
 14. Parameter Settings for User Entity Instance: debouncer:D3
 15. Parameter Settings for User Entity Instance: debouncer:D4
 16. Parameter Settings for User Entity Instance: debouncer:D5
 17. Parameter Settings for User Entity Instance: debouncer:D6
 18. Post-Synthesis Netlist Statistics for Top Partition
 19. Elapsed Time Per Partition
 20. Analysis & Synthesis Messages



----------------
; Legal Notice ;
----------------
Copyright (C) 2021  Intel Corporation. All rights reserved.
Your use of Intel Corporation's design tools, logic functions 
and other software and tools, and any partner logic 
functions, and any output files from any of the foregoing 
(including device programming or simulation files), and any 
associated documentation or information are expressly subject 
to the terms and conditions of the Intel Program License 
Subscription Agreement, the Intel Quartus Prime License Agreement,
the Intel FPGA IP License Agreement, or other applicable license
agreement, including, without limitation, that your use is for
the sole purpose of programming logic devices manufactured by
Intel and sold by Intel or its authorized distributors.  Please
refer to the applicable agreement for further details, at
https://fpgasoftware.intel.com/eula.



+-------------------------------------------------------------------------------+
; Analysis & Synthesis Summary                                                  ;
+---------------------------------+---------------------------------------------+
; Analysis & Synthesis Status     ; Successful - Sat Dec  9 16:38:04 2023       ;
; Quartus Prime Version           ; 21.1.0 Build 842 10/21/2021 SJ Lite Edition ;
; Revision Name                   ; elevador                                    ;
; Top-level Entity Name           ; elevador                                    ;
; Family                          ; Cyclone V                                   ;
; Logic utilization (in ALMs)     ; N/A                                         ;
; Total registers                 ; 115                                         ;
; Total pins                      ; 15                                          ;
; Total virtual pins              ; 0                                           ;
; Total block memory bits         ; 0                                           ;
; Total DSP Blocks                ; 0                                           ;
; Total HSSI RX PCSs              ; 0                                           ;
; Total HSSI PMA RX Deserializers ; 0                                           ;
; Total HSSI TX PCSs              ; 0                                           ;
; Total HSSI PMA TX Serializers   ; 0                                           ;
; Total PLLs                      ; 0                                           ;
; Total DLLs                      ; 0                                           ;
+---------------------------------+---------------------------------------------+


+---------------------------------------------------------------------------------------------------------------------------+
; Analysis & Synthesis Settings                                                                                             ;
+---------------------------------------------------------------------------------+--------------------+--------------------+
; Option                                                                          ; Setting            ; Default Value      ;
+---------------------------------------------------------------------------------+--------------------+--------------------+
; Device                                                                          ; 5CEBA4F23C7        ;                    ;
; Top-level entity name                                                           ; elevador           ; elevador           ;
; Family name                                                                     ; Cyclone V          ; Cyclone V          ;
; Use smart compilation                                                           ; Off                ; Off                ;
; Enable parallel Assembler and Timing Analyzer during compilation                ; On                 ; On                 ;
; Enable compact report table                                                     ; Off                ; Off                ;
; Restructure Multiplexers                                                        ; Auto               ; Auto               ;
; MLAB Add Timing Constraints For Mixed-Port Feed-Through Mode Setting Don't Care ; Off                ; Off                ;
; Create Debugging Nodes for IP Cores                                             ; Off                ; Off                ;
; Preserve fewer node names                                                       ; On                 ; On                 ;
; Intel FPGA IP Evaluation Mode                                                   ; Enable             ; Enable             ;
; Verilog Version                                                                 ; Verilog_2001       ; Verilog_2001       ;
; VHDL Version                                                                    ; VHDL_1993          ; VHDL_1993          ;
; State Machine Processing                                                        ; Auto               ; Auto               ;
; Safe State Machine                                                              ; Off                ; Off                ;
; Extract Verilog State Machines                                                  ; On                 ; On                 ;
; Extract VHDL State Machines                                                     ; On                 ; On                 ;
; Ignore Verilog initial constructs                                               ; Off                ; Off                ;
; Iteration limit for constant Verilog loops                                      ; 5000               ; 5000               ;
; Iteration limit for non-constant Verilog loops                                  ; 250                ; 250                ;
; Add Pass-Through Logic to Inferred RAMs                                         ; On                 ; On                 ;
; Infer RAMs from Raw Logic                                                       ; On                 ; On                 ;
; Parallel Synthesis                                                              ; On                 ; On                 ;
; DSP Block Balancing                                                             ; Auto               ; Auto               ;
; NOT Gate Push-Back                                                              ; On                 ; On                 ;
; Power-Up Don't Care                                                             ; On                 ; On                 ;
; Remove Redundant Logic Cells                                                    ; Off                ; Off                ;
; Remove Duplicate Registers                                                      ; On                 ; On                 ;
; Ignore CARRY Buffers                                                            ; Off                ; Off                ;
; Ignore CASCADE Buffers                                                          ; Off                ; Off                ;
; Ignore GLOBAL Buffers                                                           ; Off                ; Off                ;
; Ignore ROW GLOBAL Buffers                                                       ; Off                ; Off                ;
; Ignore LCELL Buffers                                                            ; Off                ; Off                ;
; Ignore SOFT Buffers                                                             ; On                 ; On                 ;
; Limit AHDL Integers to 32 Bits                                                  ; Off                ; Off                ;
; Optimization Technique                                                          ; Balanced           ; Balanced           ;
; Carry Chain Length                                                              ; 70                 ; 70                 ;
; Auto Carry Chains                                                               ; On                 ; On                 ;
; Auto Open-Drain Pins                                                            ; On                 ; On                 ;
; Perform WYSIWYG Primitive Resynthesis                                           ; Off                ; Off                ;
; Auto ROM Replacement                                                            ; On                 ; On                 ;
; Auto RAM Replacement                                                            ; On                 ; On                 ;
; Auto DSP Block Replacement                                                      ; On                 ; On                 ;
; Auto Shift Register Replacement                                                 ; Auto               ; Auto               ;
; Allow Shift Register Merging across Hierarchies                                 ; Auto               ; Auto               ;
; Auto Clock Enable Replacement                                                   ; On                 ; On                 ;
; Strict RAM Replacement                                                          ; Off                ; Off                ;
; Allow Synchronous Control Signals                                               ; On                 ; On                 ;
; Force Use of Synchronous Clear Signals                                          ; Off                ; Off                ;
; Auto Resource Sharing                                                           ; Off                ; Off                ;
; Allow Any RAM Size For Recognition                                              ; Off                ; Off                ;
; Allow Any ROM Size For Recognition                                              ; Off                ; Off                ;
; Allow Any Shift Register Size For Recognition                                   ; Off                ; Off                ;
; Use LogicLock Constraints during Resource Balancing                             ; On                 ; On                 ;
; Ignore translate_off and synthesis_off directives                               ; Off                ; Off                ;
; Timing-Driven Synthesis                                                         ; On                 ; On                 ;
; Report Parameter Settings                                                       ; On                 ; On                 ;
; Report Source Assignments                                                       ; On                 ; On                 ;
; Report Connectivity Checks                                                      ; On                 ; On                 ;
; Ignore Maximum Fan-Out Assignments                                              ; Off                ; Off                ;
; Synchronization Register Chain Length                                           ; 3                  ; 3                  ;
; Power Optimization During Synthesis                                             ; Normal compilation ; Normal compilation ;
; HDL message level                                                               ; Level2             ; Level2             ;
; Suppress Register Optimization Related Messages                                 ; Off                ; Off                ;
; Number of Removed Registers Reported in Synthesis Report                        ; 5000               ; 5000               ;
; Number of Swept Nodes Reported in Synthesis Report                              ; 5000               ; 5000               ;
; Number of Inverted Registers Reported in Synthesis Report                       ; 100                ; 100                ;
; Clock MUX Protection                                                            ; On                 ; On                 ;
; Auto Gated Clock Conversion                                                     ; Off                ; Off                ;
; Block Design Naming                                                             ; Auto               ; Auto               ;
; SDC constraint protection                                                       ; Off                ; Off                ;
; Synthesis Effort                                                                ; Auto               ; Auto               ;
; Shift Register Replacement - Allow Asynchronous Clear Signal                    ; On                 ; On                 ;
; Pre-Mapping Resynthesis Optimization                                            ; Off                ; Off                ;
; Analysis & Synthesis Message Level                                              ; Medium             ; Medium             ;
; Disable Register Merging Across Hierarchies                                     ; Auto               ; Auto               ;
; Resource Aware Inference For Block RAM                                          ; On                 ; On                 ;
; Automatic Parallel Synthesis                                                    ; On                 ; On                 ;
; Partial Reconfiguration Bitstream ID                                            ; Off                ; Off                ;
+---------------------------------------------------------------------------------+--------------------+--------------------+


+------------------------------------------+
; Parallel Compilation                     ;
+----------------------------+-------------+
; Processors                 ; Number      ;
+----------------------------+-------------+
; Number detected on machine ; 4           ;
; Maximum allowed            ; 4           ;
;                            ;             ;
; Average used               ; 1.00        ;
; Maximum used               ; 4           ;
;                            ;             ;
; Usage by Processor         ; % Time Used ;
;     Processor 1            ; 100.0%      ;
;     Processor 2            ;   0.0%      ;
;     Processors 3-4         ;   0.0%      ;
+----------------------------+-------------+


+---------------------------------------------------------------------------------------------------------------------------------------------------+
; Analysis & Synthesis Source Files Read                                                                                                            ;
+----------------------------------+-----------------+------------------------------+-----------------------------------------------------+---------+
; File Name with User-Entered Path ; Used in Netlist ; File Type                    ; File Name with Absolute Path                        ; Library ;
+----------------------------------+-----------------+------------------------------+-----------------------------------------------------+---------+
; elevador.vhd                     ; yes             ; User VHDL File               ; C:/Users/14783553/Downloads/Elevador 2/elevador.vhd ;         ;
; debouncer.v                      ; yes             ; Auto-Found Verilog HDL File  ; C:/Users/14783553/Downloads/Elevador 2/debouncer.v  ;         ;
+----------------------------------+-----------------+------------------------------+-----------------------------------------------------+---------+


+---------------------------------------------------------------------+
; Analysis & Synthesis Resource Usage Summary                         ;
+---------------------------------------------+-----------------------+
; Resource                                    ; Usage                 ;
+---------------------------------------------+-----------------------+
; Estimate of Logic utilization (ALMs needed) ; 100                   ;
;                                             ;                       ;
; Combinational ALUT usage for logic          ; 183                   ;
;     -- 7 input functions                    ; 0                     ;
;     -- 6 input functions                    ; 16                    ;
;     -- 5 input functions                    ; 12                    ;
;     -- 4 input functions                    ; 33                    ;
;     -- <=3 input functions                  ; 122                   ;
;                                             ;                       ;
; Dedicated logic registers                   ; 115                   ;
;                                             ;                       ;
; I/O pins                                    ; 15                    ;
;                                             ;                       ;
; Total DSP Blocks                            ; 0                     ;
;                                             ;                       ;
; Maximum fan-out node                        ; reset_debouncer~input ;
; Maximum fan-out                             ; 126                   ;
; Total fan-out                               ; 1096                  ;
; Average fan-out                             ; 3.34                  ;
+---------------------------------------------+-----------------------+


+-------------------------------------------------------------------------------------------------------------------------------------------------------------------------------------------+
; Analysis & Synthesis Resource Utilization by Entity                                                                                                                                       ;
+----------------------------+---------------------+---------------------------+-------------------+------------+------+--------------+------------------------+-------------+--------------+
; Compilation Hierarchy Node ; Combinational ALUTs ; Dedicated Logic Registers ; Block Memory Bits ; DSP Blocks ; Pins ; Virtual Pins ; Full Hierarchy Name    ; Entity Name ; Library Name ;
+----------------------------+---------------------+---------------------------+-------------------+------------+------+--------------+------------------------+-------------+--------------+
; |elevador                  ; 183 (27)            ; 115 (7)                   ; 0                 ; 0          ; 15   ; 0            ; |elevador              ; elevador    ; work         ;
;    |debouncer:D1|          ; 26 (26)             ; 18 (18)                   ; 0                 ; 0          ; 0    ; 0            ; |elevador|debouncer:D1 ; debouncer   ; work         ;
;    |debouncer:D2|          ; 26 (26)             ; 18 (18)                   ; 0                 ; 0          ; 0    ; 0            ; |elevador|debouncer:D2 ; debouncer   ; work         ;
;    |debouncer:D3|          ; 26 (26)             ; 18 (18)                   ; 0                 ; 0          ; 0    ; 0            ; |elevador|debouncer:D3 ; debouncer   ; work         ;
;    |debouncer:D4|          ; 26 (26)             ; 18 (18)                   ; 0                 ; 0          ; 0    ; 0            ; |elevador|debouncer:D4 ; debouncer   ; work         ;
;    |debouncer:D5|          ; 26 (26)             ; 18 (18)                   ; 0                 ; 0          ; 0    ; 0            ; |elevador|debouncer:D5 ; debouncer   ; work         ;
;    |debouncer:D6|          ; 26 (26)             ; 18 (18)                   ; 0                 ; 0          ; 0    ; 0            ; |elevador|debouncer:D6 ; debouncer   ; work         ;
+----------------------------+---------------------+---------------------------+-------------------+------------+------+--------------+------------------------+-------------+--------------+
Note: For table entries with two numbers listed, the numbers in parentheses indicate the number of resources of the given type used by the specific entity alone. The numbers listed outside of parentheses indicate the total resources of the given type used by the specific entity and all of its sub-entities in the hierarchy.


Encoding Type:  One-Hot
+--------------------------------------------------------------------+
; State Machine - |elevador|estado                                   ;
+-----------------+-----------------+----------------+---------------+
; Name            ; estado.descendo ; estado.subindo ; estado.parado ;
+-----------------+-----------------+----------------+---------------+
; estado.parado   ; 0               ; 0              ; 0             ;
; estado.subindo  ; 0               ; 1              ; 1             ;
; estado.descendo ; 1               ; 0              ; 1             ;
+-----------------+-----------------+----------------+---------------+


+---------------------------------------------------------------------------------------------------+
; User-Specified and Inferred Latches                                                               ;
+----------------------------------------------------+---------------------+------------------------+
; Latch Name                                         ; Latch Enable Signal ; Free of Timing Hazards ;
+----------------------------------------------------+---------------------+------------------------+
; prox_estado.subindo_153                            ; Selector0           ; yes                    ;
; prox_estado.descendo_140                           ; Selector0           ; yes                    ;
; prox_estado.parado_166                             ; Selector0           ; yes                    ;
; Number of user-specified and inferred latches = 3  ;                     ;                        ;
+----------------------------------------------------+---------------------+------------------------+
Note: All latches listed above may not be present at the end of synthesis due to various synthesis optimizations.


+------------------------------------------------------+
; General Register Statistics                          ;
+----------------------------------------------+-------+
; Statistic                                    ; Value ;
+----------------------------------------------+-------+
; Total registers                              ; 115   ;
; Number of registers using Synchronous Clear  ; 96    ;
; Number of registers using Synchronous Load   ; 0     ;
; Number of registers using Asynchronous Clear ; 115   ;
; Number of registers using Asynchronous Load  ; 0     ;
; Number of registers using Clock Enable       ; 96    ;
; Number of registers using Preset             ; 0     ;
+----------------------------------------------+-------+


+--------------------------------------------------------------------------------------------------------------------------------------------------+
; Multiplexer Restructuring Statistics (Restructuring Performed)                                                                                   ;
+--------------------+-----------+---------------+----------------------+------------------------+------------+------------------------------------+
; Multiplexer Inputs ; Bus Width ; Baseline Area ; Area if Restructured ; Saving if Restructured ; Registered ; Example Multiplexer Output         ;
+--------------------+-----------+---------------+----------------------+------------------------+------------+------------------------------------+
; 3:1                ; 16 bits   ; 32 LEs        ; 0 LEs                ; 32 LEs                 ; Yes        ; |elevador|debouncer:D5|counter[11] ;
; 3:1                ; 16 bits   ; 32 LEs        ; 0 LEs                ; 32 LEs                 ; Yes        ; |elevador|debouncer:D6|counter[7]  ;
; 3:1                ; 16 bits   ; 32 LEs        ; 0 LEs                ; 32 LEs                 ; Yes        ; |elevador|debouncer:D1|counter[7]  ;
; 3:1                ; 16 bits   ; 32 LEs        ; 0 LEs                ; 32 LEs                 ; Yes        ; |elevador|debouncer:D2|counter[11] ;
; 3:1                ; 16 bits   ; 32 LEs        ; 0 LEs                ; 32 LEs                 ; Yes        ; |elevador|debouncer:D3|counter[6]  ;
; 3:1                ; 16 bits   ; 32 LEs        ; 0 LEs                ; 32 LEs                 ; Yes        ; |elevador|debouncer:D4|counter[7]  ;
; 5:1                ; 4 bits    ; 12 LEs        ; 0 LEs                ; 12 LEs                 ; Yes        ; |elevador|a_interno[1]             ;
+--------------------+-----------+---------------+----------------------+------------------------+------------+------------------------------------+


+-----------------------------------------------------------+
; Parameter Settings for User Entity Instance: debouncer:D1 ;
+----------------+-------+----------------------------------+
; Parameter Name ; Value ; Type                             ;
+----------------+-------+----------------------------------+
; DELAY_BITS     ; 16    ; Signed Integer                   ;
+----------------+-------+----------------------------------+
Note: In order to hide this table in the UI and the text report file, please set the "Show Parameter Settings in Synthesis Report" option in "Analysis and Synthesis Settings -> More Settings" to "Off".


+-----------------------------------------------------------+
; Parameter Settings for User Entity Instance: debouncer:D2 ;
+----------------+-------+----------------------------------+
; Parameter Name ; Value ; Type                             ;
+----------------+-------+----------------------------------+
; DELAY_BITS     ; 16    ; Signed Integer                   ;
+----------------+-------+----------------------------------+
Note: In order to hide this table in the UI and the text report file, please set the "Show Parameter Settings in Synthesis Report" option in "Analysis and Synthesis Settings -> More Settings" to "Off".


+-----------------------------------------------------------+
; Parameter Settings for User Entity Instance: debouncer:D3 ;
+----------------+-------+----------------------------------+
; Parameter Name ; Value ; Type                             ;
+----------------+-------+----------------------------------+
; DELAY_BITS     ; 16    ; Signed Integer                   ;
+----------------+-------+----------------------------------+
Note: In order to hide this table in the UI and the text report file, please set the "Show Parameter Settings in Synthesis Report" option in "Analysis and Synthesis Settings -> More Settings" to "Off".


+-----------------------------------------------------------+
; Parameter Settings for User Entity Instance: debouncer:D4 ;
+----------------+-------+----------------------------------+
; Parameter Name ; Value ; Type                             ;
+----------------+-------+----------------------------------+
; DELAY_BITS     ; 16    ; Signed Integer                   ;
+----------------+-------+----------------------------------+
Note: In order to hide this table in the UI and the text report file, please set the "Show Parameter Settings in Synthesis Report" option in "Analysis and Synthesis Settings -> More Settings" to "Off".


+-----------------------------------------------------------+
; Parameter Settings for User Entity Instance: debouncer:D5 ;
+----------------+-------+----------------------------------+
; Parameter Name ; Value ; Type                             ;
+----------------+-------+----------------------------------+
; DELAY_BITS     ; 16    ; Signed Integer                   ;
+----------------+-------+----------------------------------+
Note: In order to hide this table in the UI and the text report file, please set the "Show Parameter Settings in Synthesis Report" option in "Analysis and Synthesis Settings -> More Settings" to "Off".


+-----------------------------------------------------------+
; Parameter Settings for User Entity Instance: debouncer:D6 ;
+----------------+-------+----------------------------------+
; Parameter Name ; Value ; Type                             ;
+----------------+-------+----------------------------------+
; DELAY_BITS     ; 16    ; Signed Integer                   ;
+----------------+-------+----------------------------------+
Note: In order to hide this table in the UI and the text report file, please set the "Show Parameter Settings in Synthesis Report" option in "Analysis and Synthesis Settings -> More Settings" to "Off".


+-----------------------------------------------------+
; Post-Synthesis Netlist Statistics for Top Partition ;
+-----------------------+-----------------------------+
; Type                  ; Count                       ;
+-----------------------+-----------------------------+
; arriav_ff             ; 115                         ;
;     CLR               ; 19                          ;
;     ENA CLR SCLR      ; 96                          ;
; arriav_lcell_comb     ; 184                         ;
;     arith             ; 96                          ;
;         1 data inputs ; 96                          ;
;     normal            ; 88                          ;
;         1 data inputs ; 2                           ;
;         2 data inputs ; 13                          ;
;         3 data inputs ; 12                          ;
;         4 data inputs ; 33                          ;
;         5 data inputs ; 12                          ;
;         6 data inputs ; 16                          ;
; boundary_port         ; 15                          ;
;                       ;                             ;
; Max LUT depth         ; 5.00                        ;
; Average LUT depth     ; 2.63                        ;
+-----------------------+-----------------------------+


+-------------------------------+
; Elapsed Time Per Partition    ;
+----------------+--------------+
; Partition Name ; Elapsed Time ;
+----------------+--------------+
; Top            ; 00:00:00     ;
+----------------+--------------+


+-------------------------------+
; Analysis & Synthesis Messages ;
+-------------------------------+
Info: *******************************************************************
Info: Running Quartus Prime Analysis & Synthesis
    Info: Version 21.1.0 Build 842 10/21/2021 SJ Lite Edition
    Info: Processing started: Sat Dec  9 16:37:55 2023
Info: Command: quartus_map --read_settings_files=on --write_settings_files=off elevador -c elevador
Warning (18236): Number of processors has not been specified which may cause overloading on shared machines.  Set the global assignment NUM_PARALLEL_PROCESSORS in your QSF to an appropriate value for best performance.
Info (20030): Parallel compilation is enabled and will use 4 of the 4 processors detected
Info (12021): Found 2 design units, including 1 entities, in source file elevador.vhd
    Info (12022): Found design unit 1: elevador-Elevator File: C:/Users/14783553/Downloads/Elevador 2/elevador.vhd Line: 14
    Info (12023): Found entity 1: elevador File: C:/Users/14783553/Downloads/Elevador 2/elevador.vhd Line: 5
Info (12021): Found 1 design units, including 1 entities, in source file elevador_block.bdf
    Info (12023): Found entity 1: elevador_block
Info (12127): Elaborating entity "elevador" for the top level hierarchy
Warning (10631): VHDL Process Statement warning at elevador.vhd(67): inferring latch(es) for signal or variable "prox_estado", which holds its previous value in one or more paths through the process File: C:/Users/14783553/Downloads/Elevador 2/elevador.vhd Line: 67
Info (10041): Inferred latch for "prox_estado.descendo" at elevador.vhd(67) File: C:/Users/14783553/Downloads/Elevador 2/elevador.vhd Line: 67
Info (10041): Inferred latch for "prox_estado.subindo" at elevador.vhd(67) File: C:/Users/14783553/Downloads/Elevador 2/elevador.vhd Line: 67
Info (10041): Inferred latch for "prox_estado.parado" at elevador.vhd(67) File: C:/Users/14783553/Downloads/Elevador 2/elevador.vhd Line: 67
Warning (12125): Using design file debouncer.v, which is not specified as a design file for the current project, but contains definitions for 1 design units and 1 entities in project
    Info (12023): Found entity 1: debouncer File: C:/Users/14783553/Downloads/Elevador 2/debouncer.v Line: 28
Info (12128): Elaborating entity "debouncer" for hierarchy "debouncer:D1" File: C:/Users/14783553/Downloads/Elevador 2/elevador.vhd Line: 34
Warning (10230): Verilog HDL assignment warning at debouncer.v(71): truncated value with size 32 to match size of target (16) File: C:/Users/14783553/Downloads/Elevador 2/debouncer.v Line: 71
Warning (13012): Latch prox_estado.subindo_153 has unsafe behavior File: C:/Users/14783553/Downloads/Elevador 2/elevador.vhd Line: 67
    Warning (13013): Ports D and ENA on the latch are fed by the same signal estado.parado File: C:/Users/14783553/Downloads/Elevador 2/elevador.vhd Line: 16
Warning (13012): Latch prox_estado.descendo_140 has unsafe behavior File: C:/Users/14783553/Downloads/Elevador 2/elevador.vhd Line: 67
    Warning (13013): Ports D and ENA on the latch are fed by the same signal estado.parado File: C:/Users/14783553/Downloads/Elevador 2/elevador.vhd Line: 16
Warning (13012): Latch prox_estado.parado_166 has unsafe behavior File: C:/Users/14783553/Downloads/Elevador 2/elevador.vhd Line: 67
    Warning (13013): Ports D and ENA on the latch are fed by the same signal estado.parado File: C:/Users/14783553/Downloads/Elevador 2/elevador.vhd Line: 16
Warning (13004): Presettable and clearable registers converted to equivalent circuits with latches. Registers power-up to an undefined state, and DEVCLRn places the registers in an undefined state.
    Warning (13310): Register "debouncer:D1|out_key" is converted into an equivalent circuit using register "debouncer:D1|out_key~_emulated" and latch "debouncer:D1|out_key~1" File: C:/Users/14783553/Downloads/Elevador 2/debouncer.v Line: 42
    Warning (13310): Register "debouncer:D2|out_key" is converted into an equivalent circuit using register "debouncer:D2|out_key~_emulated" and latch "debouncer:D2|out_key~1" File: C:/Users/14783553/Downloads/Elevador 2/debouncer.v Line: 42
    Warning (13310): Register "debouncer:D3|out_key" is converted into an equivalent circuit using register "debouncer:D3|out_key~_emulated" and latch "debouncer:D3|out_key~1" File: C:/Users/14783553/Downloads/Elevador 2/debouncer.v Line: 42
    Warning (13310): Register "debouncer:D4|out_key" is converted into an equivalent circuit using register "debouncer:D4|out_key~_emulated" and latch "debouncer:D4|out_key~1" File: C:/Users/14783553/Downloads/Elevador 2/debouncer.v Line: 42
    Warning (13310): Register "debouncer:D5|out_key" is converted into an equivalent circuit using register "debouncer:D5|out_key~_emulated" and latch "debouncer:D5|out_key~1" File: C:/Users/14783553/Downloads/Elevador 2/debouncer.v Line: 42
    Warning (13310): Register "debouncer:D6|out_key" is converted into an equivalent circuit using register "debouncer:D6|out_key~_emulated" and latch "debouncer:D6|out_key~1" File: C:/Users/14783553/Downloads/Elevador 2/debouncer.v Line: 42
    Warning (13310): Register "debouncer:D1|intermediate" is converted into an equivalent circuit using register "debouncer:D1|intermediate~_emulated" and latch "debouncer:D1|out_key~1" File: C:/Users/14783553/Downloads/Elevador 2/debouncer.v Line: 50
    Warning (13310): Register "debouncer:D2|intermediate" is converted into an equivalent circuit using register "debouncer:D2|intermediate~_emulated" and latch "debouncer:D2|out_key~1" File: C:/Users/14783553/Downloads/Elevador 2/debouncer.v Line: 50
    Warning (13310): Register "debouncer:D3|intermediate" is converted into an equivalent circuit using register "debouncer:D3|intermediate~_emulated" and latch "debouncer:D3|out_key~1" File: C:/Users/14783553/Downloads/Elevador 2/debouncer.v Line: 50
    Warning (13310): Register "debouncer:D4|intermediate" is converted into an equivalent circuit using register "debouncer:D4|intermediate~_emulated" and latch "debouncer:D4|out_key~1" File: C:/Users/14783553/Downloads/Elevador 2/debouncer.v Line: 50
    Warning (13310): Register "debouncer:D5|intermediate" is converted into an equivalent circuit using register "debouncer:D5|intermediate~_emulated" and latch "debouncer:D5|out_key~1" File: C:/Users/14783553/Downloads/Elevador 2/debouncer.v Line: 50
    Warning (13310): Register "debouncer:D6|intermediate" is converted into an equivalent circuit using register "debouncer:D6|intermediate~_emulated" and latch "debouncer:D6|out_key~1" File: C:/Users/14783553/Downloads/Elevador 2/debouncer.v Line: 50
Info (286030): Timing-Driven Synthesis is running
Info (16010): Generating hard_block partition "hard_block:auto_generated_inst"
    Info (16011): Adding 0 node(s), including 0 DDIO, 0 PLL, 0 transceiver and 0 LCELL
Info (21057): Implemented 200 device resources after synthesis - the final resource count might be different
    Info (21058): Implemented 8 input pins
    Info (21059): Implemented 7 output pins
    Info (21061): Implemented 185 logic cells
Info: Quartus Prime Analysis & Synthesis was successful. 0 errors, 23 warnings
    Info: Peak virtual memory: 4874 megabytes
    Info: Processing ended: Sat Dec  9 16:38:04 2023
    Info: Elapsed time: 00:00:09
    Info: Total CPU time (on all processors): 00:00:17


